\BOOKMARK [0][-]{chapter.1}{Introduction}{}% 1
\BOOKMARK [1][-]{subsection.1.0.1}{Background on Git}{chapter.1}% 2
\BOOKMARK [2][-]{subsection.1.0.2}{Project Goals}{subsection.1.0.1}% 3
\BOOKMARK [0][-]{chapter.2}{Technical Design}{}% 4
\BOOKMARK [1][-]{subsection.2.0.1}{Other work in this area}{chapter.2}% 5
\BOOKMARK [2][-]{subsection.2.0.2}{Technical Overview}{subsection.2.0.1}% 6
\BOOKMARK [2][-]{subsection.2.0.3}{UI Design}{subsection.2.0.1}% 7
\BOOKMARK [2][-]{subsection.2.0.4}{Designing for teenagers}{subsection.2.0.1}% 8
\BOOKMARK [2][-]{subsection.2.0.5}{Final design before implementation}{subsection.2.0.1}% 9
\BOOKMARK [0][-]{chapter.3}{Implementation}{}% 10
\BOOKMARK [1][-]{section.3.1}{Planning and management of work}{chapter.3}% 11
\BOOKMARK [1][-]{section.3.2}{Choice of language}{chapter.3}% 12
\BOOKMARK [1][-]{section.3.3}{Implementation of components}{chapter.3}% 13
\BOOKMARK [1][-]{section.3.4}{The littlegit-core}{chapter.3}% 14
\BOOKMARK [1][-]{section.3.5}{The main server}{chapter.3}% 15
\BOOKMARK [2][-]{subsection.3.5.1}{Technologies}{section.3.5}% 16
\BOOKMARK [2][-]{subsection.3.5.2}{Internal server architecture}{section.3.5}% 17
\BOOKMARK [1][-]{section.3.6}{Authentication}{chapter.3}% 18
\BOOKMARK [2][-]{subsection.3.6.1}{API authentication}{section.3.6}% 19
\BOOKMARK [2][-]{subsection.3.6.2}{SSH authentication}{section.3.6}% 20
\BOOKMARK [1][-]{section.3.7}{Desktop GUI}{chapter.3}% 21
\BOOKMARK [2][-]{subsection.3.7.1}{Git graph}{section.3.7}% 22
\BOOKMARK [2][-]{subsection.3.7.2}{Threading}{section.3.7}% 23
\BOOKMARK [0][-]{Appendix.1.A}{Appendix SSH Authentication}{}% 24
\BOOKMARK [0][-]{Appendix.1.B}{Appendix User roles}{}% 25
\BOOKMARK [0][-]{Appendix.1.C}{Appendix Caching strategy}{}% 26
