This is pdfTeX, Version 3.14159265-2.6-1.40.18 (TeX Live 2017) (preloaded format=pdflatex 2018.1.9)  28 APR 2019 11:41
entering extended mode
 restricted \write18 enabled.
 %&-line parsing enabled.
**report.tex
(./report.tex
LaTeX2e <2017-04-15>
Babel <3.10> and hyphenation patterns for 84 language(s) loaded.
(/usr/local/texlive/2017/texmf-dist/tex/latex/base/report.cls
Document Class: report 2014/09/29 v1.4h Standard LaTeX document class
(/usr/local/texlive/2017/texmf-dist/tex/latex/base/size10.clo
File: size10.clo 2014/09/29 v1.4h Standard LaTeX file (size option)
)
\c@part=\count79
\c@chapter=\count80
\c@section=\count81
\c@subsection=\count82
\c@subsubsection=\count83
\c@paragraph=\count84
\c@subparagraph=\count85
\c@figure=\count86
\c@table=\count87
\abovecaptionskip=\skip41
\belowcaptionskip=\skip42
\bibindent=\dimen102
)
(/usr/local/texlive/2017/texmf-dist/tex/latex/xcolor/xcolor.sty
Package: xcolor 2016/05/11 v2.12 LaTeX color extensions (UK)

(/usr/local/texlive/2017/texmf-dist/tex/latex/graphics-cfg/color.cfg
File: color.cfg 2016/01/02 v1.6 sample color configuration
)
Package xcolor Info: Driver file: pdftex.def on input line 225.

(/usr/local/texlive/2017/texmf-dist/tex/latex/graphics-def/pdftex.def
File: pdftex.def 2017/01/12 v0.06k Graphics/color for pdfTeX

(/usr/local/texlive/2017/texmf-dist/tex/generic/oberdiek/infwarerr.sty
Package: infwarerr 2016/05/16 v1.4 Providing info/warning/error messages (HO)
)
(/usr/local/texlive/2017/texmf-dist/tex/generic/oberdiek/ltxcmds.sty
Package: ltxcmds 2016/05/16 v1.23 LaTeX kernel commands for general use (HO)
)
\Gread@gobject=\count88
)
Package xcolor Info: Model `cmy' substituted by `cmy0' on input line 1348.
Package xcolor Info: Model `hsb' substituted by `rgb' on input line 1352.
Package xcolor Info: Model `RGB' extended on input line 1364.
Package xcolor Info: Model `HTML' substituted by `rgb' on input line 1366.
Package xcolor Info: Model `Hsb' substituted by `hsb' on input line 1367.
Package xcolor Info: Model `tHsb' substituted by `hsb' on input line 1368.
Package xcolor Info: Model `HSB' substituted by `hsb' on input line 1369.
Package xcolor Info: Model `Gray' substituted by `gray' on input line 1370.
Package xcolor Info: Model `wave' substituted by `hsb' on input line 1371.
)
(/usr/local/texlive/2017/texmf-dist/tex/latex/graphics/graphicx.sty
Package: graphicx 2014/10/28 v1.0g Enhanced LaTeX Graphics (DPC,SPQR)

(/usr/local/texlive/2017/texmf-dist/tex/latex/graphics/keyval.sty
Package: keyval 2014/10/28 v1.15 key=value parser (DPC)
\KV@toks@=\toks14
)
(/usr/local/texlive/2017/texmf-dist/tex/latex/graphics/graphics.sty
Package: graphics 2017/04/14 v1.1b Standard LaTeX Graphics (DPC,SPQR)

(/usr/local/texlive/2017/texmf-dist/tex/latex/graphics/trig.sty
Package: trig 2016/01/03 v1.10 sin cos tan (DPC)
)
(/usr/local/texlive/2017/texmf-dist/tex/latex/graphics-cfg/graphics.cfg
File: graphics.cfg 2016/06/04 v1.11 sample graphics configuration
)
Package graphics Info: Driver file: pdftex.def on input line 99.
)
\Gin@req@height=\dimen103
\Gin@req@width=\dimen104
)
(/usr/local/texlive/2017/texmf-dist/tex/latex/url/url.sty
\Urlmuskip=\muskip10
Package: url 2013/09/16  ver 3.4  Verb mode for urls, etc.
)
(/usr/local/texlive/2017/texmf-dist/tex/latex/hyperref/hyperref.sty
Package: hyperref 2017/03/14 v6.85a Hypertext links for LaTeX

(/usr/local/texlive/2017/texmf-dist/tex/generic/oberdiek/hobsub-hyperref.sty
Package: hobsub-hyperref 2016/05/16 v1.14 Bundle oberdiek, subset hyperref (HO)


(/usr/local/texlive/2017/texmf-dist/tex/generic/oberdiek/hobsub-generic.sty
Package: hobsub-generic 2016/05/16 v1.14 Bundle oberdiek, subset generic (HO)
Package: hobsub 2016/05/16 v1.14 Construct package bundles (HO)
Package hobsub Info: Skipping package `infwarerr' (already loaded).
Package hobsub Info: Skipping package `ltxcmds' (already loaded).
Package: ifluatex 2016/05/16 v1.4 Provides the ifluatex switch (HO)
Package ifluatex Info: LuaTeX not detected.
Package: ifvtex 2016/05/16 v1.6 Detect VTeX and its facilities (HO)
Package ifvtex Info: VTeX not detected.
Package: intcalc 2016/05/16 v1.2 Expandable calculations with integers (HO)
Package: ifpdf 2017/03/15 v3.2 Provides the ifpdf switch
Package: etexcmds 2016/05/16 v1.6 Avoid name clashes with e-TeX commands (HO)
Package etexcmds Info: Could not find \expanded.
(etexcmds)             That can mean that you are not using pdfTeX 1.50 or
(etexcmds)             that some package has redefined \expanded.
(etexcmds)             In the latter case, load this package earlier.
Package: kvsetkeys 2016/05/16 v1.17 Key value parser (HO)
Package: kvdefinekeys 2016/05/16 v1.4 Define keys (HO)
Package: pdftexcmds 2017/03/19 v0.25 Utility functions of pdfTeX for LuaTeX (HO
)
Package pdftexcmds Info: LuaTeX not detected.
Package pdftexcmds Info: \pdf@primitive is available.
Package pdftexcmds Info: \pdf@ifprimitive is available.
Package pdftexcmds Info: \pdfdraftmode found.
Package: pdfescape 2016/05/16 v1.14 Implements pdfTeX's escape features (HO)
Package: bigintcalc 2016/05/16 v1.4 Expandable calculations on big integers (HO
)
Package: bitset 2016/05/16 v1.2 Handle bit-vector datatype (HO)
Package: uniquecounter 2016/05/16 v1.3 Provide unlimited unique counter (HO)
)
Package hobsub Info: Skipping package `hobsub' (already loaded).
Package: letltxmacro 2016/05/16 v1.5 Let assignment for LaTeX macros (HO)
Package: hopatch 2016/05/16 v1.3 Wrapper for package hooks (HO)
Package: xcolor-patch 2016/05/16 xcolor patch
Package: atveryend 2016/05/16 v1.9 Hooks at the very end of document (HO)
Package atveryend Info: \enddocument detected (standard20110627).
Package: atbegshi 2016/06/09 v1.18 At begin shipout hook (HO)
Package: refcount 2016/05/16 v3.5 Data extraction from label references (HO)
Package: hycolor 2016/05/16 v1.8 Color options for hyperref/bookmark (HO)
)
(/usr/local/texlive/2017/texmf-dist/tex/generic/ifxetex/ifxetex.sty
Package: ifxetex 2010/09/12 v0.6 Provides ifxetex conditional
)
(/usr/local/texlive/2017/texmf-dist/tex/latex/oberdiek/auxhook.sty
Package: auxhook 2016/05/16 v1.4 Hooks for auxiliary files (HO)
)
(/usr/local/texlive/2017/texmf-dist/tex/latex/oberdiek/kvoptions.sty
Package: kvoptions 2016/05/16 v3.12 Key value format for package options (HO)
)
\@linkdim=\dimen105
\Hy@linkcounter=\count89
\Hy@pagecounter=\count90

(/usr/local/texlive/2017/texmf-dist/tex/latex/hyperref/pd1enc.def
File: pd1enc.def 2017/03/14 v6.85a Hyperref: PDFDocEncoding definition (HO)
)
\Hy@SavedSpaceFactor=\count91

(/usr/local/texlive/2017/texmf-dist/tex/latex/latexconfig/hyperref.cfg
File: hyperref.cfg 2002/06/06 v1.2 hyperref configuration of TeXLive
)
Package hyperref Info: Hyper figures OFF on input line 4498.
Package hyperref Info: Link nesting OFF on input line 4503.
Package hyperref Info: Hyper index ON on input line 4506.
Package hyperref Info: Plain pages OFF on input line 4513.
Package hyperref Info: Backreferencing OFF on input line 4518.
Package hyperref Info: Implicit mode ON; LaTeX internals redefined.
Package hyperref Info: Bookmarks ON on input line 4751.
\c@Hy@tempcnt=\count92
LaTeX Info: Redefining \url on input line 5104.
\XeTeXLinkMargin=\dimen106
\Fld@menulength=\count93
\Field@Width=\dimen107
\Fld@charsize=\dimen108
Package hyperref Info: Hyper figures OFF on input line 6358.
Package hyperref Info: Link nesting OFF on input line 6363.
Package hyperref Info: Hyper index ON on input line 6366.
Package hyperref Info: backreferencing OFF on input line 6373.
Package hyperref Info: Link coloring OFF on input line 6378.
Package hyperref Info: Link coloring with OCG OFF on input line 6383.
Package hyperref Info: PDF/A mode OFF on input line 6388.
LaTeX Info: Redefining \ref on input line 6428.
LaTeX Info: Redefining \pageref on input line 6432.
\Hy@abspage=\count94
\c@Item=\count95
\c@Hfootnote=\count96
)

Package hyperref Message: Driver (autodetected): hpdftex.

(/usr/local/texlive/2017/texmf-dist/tex/latex/hyperref/hpdftex.def
File: hpdftex.def 2017/03/14 v6.85a Hyperref driver for pdfTeX
\Fld@listcount=\count97
\c@bookmark@seq@number=\count98

(/usr/local/texlive/2017/texmf-dist/tex/latex/oberdiek/rerunfilecheck.sty
Package: rerunfilecheck 2016/05/16 v1.8 Rerun checks for auxiliary files (HO)
Package uniquecounter Info: New unique counter `rerunfilecheck' on input line 2
82.
)
\Hy@SectionHShift=\skip43
)
(/usr/local/texlive/2017/texmf-dist/tex/latex/setspace/setspace.sty
Package: setspace 2011/12/19 v6.7a set line spacing
)
(/usr/local/texlive/2017/texmf-dist/tex/latex/cite/cite.sty
LaTeX Info: Redefining \cite on input line 302.
LaTeX Info: Redefining \nocite on input line 332.
Package: cite 2015/02/27  v 5.5
)
(/usr/local/texlive/2017/texmf-dist/tex/latex/appendix/appendix.sty
Package: appendix 2009/09/02 v1.2b extra appendix facilities
\c@@pps=\count99
\c@@ppsavesec=\count100
\c@@ppsaveapp=\count101
)
(./report.aux)
\openout1 = `report.aux'.

LaTeX Font Info:    Checking defaults for OML/cmm/m/it on input line 9.
LaTeX Font Info:    ... okay on input line 9.
LaTeX Font Info:    Checking defaults for T1/cmr/m/n on input line 9.
LaTeX Font Info:    ... okay on input line 9.
LaTeX Font Info:    Checking defaults for OT1/cmr/m/n on input line 9.
LaTeX Font Info:    ... okay on input line 9.
LaTeX Font Info:    Checking defaults for OMS/cmsy/m/n on input line 9.
LaTeX Font Info:    ... okay on input line 9.
LaTeX Font Info:    Checking defaults for OMX/cmex/m/n on input line 9.
LaTeX Font Info:    ... okay on input line 9.
LaTeX Font Info:    Checking defaults for U/cmr/m/n on input line 9.
LaTeX Font Info:    ... okay on input line 9.
LaTeX Font Info:    Checking defaults for PD1/pdf/m/n on input line 9.
LaTeX Font Info:    ... okay on input line 9.

(/usr/local/texlive/2017/texmf-dist/tex/context/base/mkii/supp-pdf.mkii
[Loading MPS to PDF converter (version 2006.09.02).]
\scratchcounter=\count102
\scratchdimen=\dimen109
\scratchbox=\box26
\nofMPsegments=\count103
\nofMParguments=\count104
\everyMPshowfont=\toks15
\MPscratchCnt=\count105
\MPscratchDim=\dimen110
\MPnumerator=\count106
\makeMPintoPDFobject=\count107
\everyMPtoPDFconversion=\toks16
) (/usr/local/texlive/2017/texmf-dist/tex/latex/oberdiek/epstopdf-base.sty
Package: epstopdf-base 2016/05/15 v2.6 Base part for package epstopdf

(/usr/local/texlive/2017/texmf-dist/tex/latex/oberdiek/grfext.sty
Package: grfext 2016/05/16 v1.2 Manage graphics extensions (HO)
)
Package epstopdf-base Info: Redefining graphics rule for `.eps' on input line 4
38.
Package grfext Info: Graphics extension search list:
(grfext)             [.png,.pdf,.jpg,.mps,.jpeg,.jbig2,.jb2,.PNG,.PDF,.JPG,.JPE
G,.JBIG2,.JB2,.eps]
(grfext)             \AppendGraphicsExtensions on input line 456.

(/usr/local/texlive/2017/texmf-dist/tex/latex/latexconfig/epstopdf-sys.cfg
File: epstopdf-sys.cfg 2010/07/13 v1.3 Configuration of (r)epstopdf for TeX Liv
e
))
\AtBeginShipoutBox=\box27
Package hyperref Info: Link coloring OFF on input line 9.

(/usr/local/texlive/2017/texmf-dist/tex/latex/hyperref/nameref.sty
Package: nameref 2016/05/21 v2.44 Cross-referencing by name of section

(/usr/local/texlive/2017/texmf-dist/tex/generic/oberdiek/gettitlestring.sty
Package: gettitlestring 2016/05/16 v1.5 Cleanup title references (HO)
)
\c@section@level=\count108
)
LaTeX Info: Redefining \ref on input line 9.
LaTeX Info: Redefining \pageref on input line 9.
LaTeX Info: Redefining \nameref on input line 9.

(./report.out) (./report.out)
\@outlinefile=\write3
\openout3 = `report.out'.

 (./tex/title.tex
<figures/university.jpg, id=176, 130.8087pt x 55.407pt>
File: figures/university.jpg Graphic file (type jpg)

<use figures/university.jpg>
Package pdftex.def Info: figures/university.jpg used on input line 22.
(pdftex.def)             Requested size: 137.9979pt x 58.45718pt.
 [1

{/usr/local/texlive/2017/texmf-var/fonts/map/pdftex/updmap/pdftex.map} <./figur
es/university.jpg>]) (./tex/abstract.tex)
Overfull \hbox (0.5561pt too wide) in paragraph at lines 1--41
\OT1/cmr/m/n/10 This re-port dis-cusses a project aimed to bring version-contro
l to chil-dren through
 []

pdfTeX warning (ext4): destination with the same identifier (name{page.1}) has 
been already used, duplicate ignored
<to be read again> 
                   \relax 
l.41 \end{abstract}
                    [1]pdfTeX warning (ext4): destination with the same identif
ier (name{page.1}) has been already used, duplicate ignored
<to be read again> 
                   \relax 
l.47 \end{abstract}
                    [1] (./report.toc
LaTeX Font Info:    External font `cmex10' loaded for size
(Font)              <7> on input line 2.
LaTeX Font Info:    External font `cmex10' loaded for size
(Font)              <5> on input line 2.
pdfTeX warning (ext4): destination with the same identifier (name{page.1}) has 
been already used, duplicate ignored
<to be read again> 
                   \relax 
l.47 ...}Reflection and Conclusion}{29}{chapter.5}
                                                   [1

])
\tf@toc=\write4
\openout4 = `report.toc'.

 (./tex/chapter1.tex
[2]
Chapter 1.
[3

]
Underfull \hbox (badness 10000) in paragraph at lines 25--26

 []

[4]
LaTeX Font Info:    External font `cmex10' loaded for size
(Font)              <8> on input line 37.
LaTeX Font Info:    External font `cmex10' loaded for size
(Font)              <6> on input line 37.
LaTeX Font Info:    Try loading font information for OMS+cmr on input line 42.
 (/usr/local/texlive/2017/texmf-dist/tex/latex/base/omscmr.fd
File: omscmr.fd 2014/09/29 v2.5h Standard LaTeX font definitions
)
LaTeX Font Info:    Font shape `OMS/cmr/m/n' in size <10> not available
(Font)              Font shape `OMS/cmsy/m/n' tried instead on input line 42.
)
(./tex/chapter2.tex [5]
Chapter 2.
<figures/sourcetree_issue.png, id=278, 1137.24875pt x 883.3pt>
File: figures/sourcetree_issue.png Graphic file (type png)

<use figures/sourcetree_issue.png>
Package pdftex.def Info: figures/sourcetree_issue.png used on input line 11.
(pdftex.def)             Requested size: 341.17726pt x 264.99205pt.
 [6

]
<figures/highlevel.pdf, id=290, 655.48888pt x 470.7186pt>
File: figures/highlevel.pdf Graphic file (type pdf)

<use figures/highlevel.pdf>
Package pdftex.def Info: figures/highlevel.pdf used on input line 21.
(pdftex.def)             Requested size: 327.74364pt x 235.35872pt.
 [7 <./figures/sourcetree_issue.png>]
<figures/gui-core.pdf, id=298, 391.4625pt x 334.3692pt>
File: figures/gui-core.pdf Graphic file (type pdf)

<use figures/gui-core.pdf>
Package pdftex.def Info: figures/gui-core.pdf used on input line 48.
(pdftex.def)             Requested size: 195.73076pt x 167.18419pt.
 [8 <./figures/highlevel.pdf>]
<figures/sourcetree.png, id=329, 1135.24126pt x 552.0625pt>
File: figures/sourcetree.png Graphic file (type png)

<use figures/sourcetree.png>
Package pdftex.def Info: figures/sourcetree.png used on input line 62.
(pdftex.def)             Requested size: 363.28462pt x 176.6636pt.

Overfull \hbox (18.28462pt too wide) in paragraph at lines 62--62
 [][] 
 []

<figures/gitkraken.png, id=330, 1444.39626pt x 880.28876pt>
File: figures/gitkraken.png Graphic file (type png)

<use figures/gitkraken.png>
Package pdftex.def Info: figures/gitkraken.png used on input line 64.
(pdftex.def)             Requested size: 361.09818pt x 220.07164pt.

Overfull \hbox (16.09818pt too wide) in paragraph at lines 64--64
 [][] 
 []

<figures/gitk.png, id=331, 1157.32375pt x 703.62875pt>
File: figures/gitk.png Graphic file (type png)
 <use figures/gitk.png>
Package pdftex.def Info: figures/gitk.png used on input line 66.
(pdftex.def)             Requested size: 347.1998pt x 211.09026pt.

Overfull \hbox (2.1998pt too wide) in paragraph at lines 66--66
 [][] 
 []

[9 <./figures/gui-core.pdf>] [10 <./figures/sourcetree.png> <./figures/gitkrake
n.png>] <figures/horizontal-graph.pdf, id=371, 581.2917pt x 109.3686pt>
File: figures/horizontal-graph.pdf Graphic file (type pdf)

<use figures/horizontal-graph.pdf>
Package pdftex.def Info: figures/horizontal-graph.pdf used on input line 74.
(pdftex.def)             Requested size: 290.64514pt x 54.68416pt.
 [11 <./figures/gitk.png> <./figures/horizontal-graph.pdf>] <figures/design1.pn
g, id=392, 2569.6pt x 1604.99625pt>
File: figures/design1.png Graphic file (type png)

<use figures/design1.png>
Package pdftex.def Info: figures/design1.png used on input line 94.
(pdftex.def)             Requested size: 334.05972pt x 208.65683pt.

<figures/design2.png, id=393, 2569.6pt x 1604.99625pt>
File: figures/design2.png Graphic file (type png)

<use figures/design2.png>
Package pdftex.def Info: figures/design2.png used on input line 96.
(pdftex.def)             Requested size: 334.05972pt x 208.65683pt.
) (./tex/chapter3.tex [12] [13 <./figures/design1.png> <./figures/design2.png>]

Chapter 3.
<figures/trello.png, id=408, 1409.265pt x 652.4375pt>
File: figures/trello.png Graphic file (type png)
 <use figures/trello.png>
Package pdftex.def Info: figures/trello.png used on input line 5.
(pdftex.def)             Requested size: 352.31538pt x 163.10896pt.

Overfull \hbox (7.31538pt too wide) in paragraph at lines 5--5
 [][] 
 []

[14

 <./figures/trello.png>] [15]
<figures/core-architecture.pdf, id=432, 371.46779pt x 258.0039pt>
File: figures/core-architecture.pdf Graphic file (type pdf)

<use figures/core-architecture.pdf>
Package pdftex.def Info: figures/core-architecture.pdf used on input line 54.
(pdftex.def)             Requested size: 222.88239pt x 154.80353pt.
 [16 <./figures/core-architecture.pdf

pdfTeX warning: /Library/TeX/texbin/pdflatex (file ./figures/core-architecture.
pdf): PDF inclusion: invalid other resource which is no dict (key 'ProcSets', t
ype <array>); ignored.
>] <figures/core-deployment.pdf, id=452, 572.1375pt x 222.8325pt>
File: figures/core-deployment.pdf Graphic file (type pdf)

<use figures/core-deployment.pdf>
Package pdftex.def Info: figures/core-deployment.pdf used on input line 61.
(pdftex.def)             Requested size: 286.06804pt x 111.41597pt.
 [17 <./figures/core-deployment.pdf

pdfTeX warning: /Library/TeX/texbin/pdflatex (file ./figures/core-deployment.pd
f): PDF inclusion: invalid other resource which is no dict (key 'ProcSets', typ
e <array>); ignored.
>] <figures/er-diagram.png, id=487, 524.359pt x 249.733pt>
File: figures/er-diagram.png Graphic file (type png)

<use figures/er-diagram.png>
Package pdftex.def Info: figures/er-diagram.png used on input line 100.
(pdftex.def)             Requested size: 262.17885pt x 124.86618pt.
 [18]
<figures/loadbalancing.pdf, id=500, 642.48026pt x 166.7028pt>
File: figures/loadbalancing.pdf Graphic file (type pdf)

<use figures/loadbalancing.pdf>
Package pdftex.def Info: figures/loadbalancing.pdf used on input line 108.
(pdftex.def)             Requested size: 321.23933pt x 83.35118pt.
 [19 <./figures/er-diagram.png> <./figures/loadbalancing.pdf

pdfTeX warning: /Library/TeX/texbin/pdflatex (file ./figures/loadbalancing.pdf)
: PDF inclusion: invalid other resource which is no dict (key 'ProcSets', type 
<array>); ignored.
>] <figures/server-architecture.pdf, id=524, 283.0575pt x 325.215pt>
File: figures/server-architecture.pdf Graphic file (type pdf)

<use figures/server-architecture.pdf>
Package pdftex.def Info: figures/server-architecture.pdf used on input line 122
.
(pdftex.def)             Requested size: 141.5284pt x 162.6071pt.
 [20 <./figures/server-architecture.pdf

pdfTeX warning: /Library/TeX/texbin/pdflatex (file ./figures/server-architectur
e.pdf): PDF inclusion: invalid other resource which is no dict (key 'ProcSets',
 type <array>); ignored.
>] <figures/littlegit-complexgraph.png, id=543, 1927.2pt x 1181.41376pt>
File: figures/littlegit-complexgraph.png Graphic file (type png)

<use figures/littlegit-complexgraph.png>
Package pdftex.def Info: figures/littlegit-complexgraph.png used on input line 
151.
(pdftex.def)             Requested size: 385.43318pt x 236.27856pt.

Overfull \hbox (40.43318pt too wide) in paragraph at lines 151--151
 [][] 
 []

[21] [22 <./figures/littlegit-complexgraph.png>]) (./tex/chapter4.tex [23]
Chapter 4.
[24

] <figures/core-coverage.png, id=573, 634.37pt x 237.88875pt>
File: figures/core-coverage.png Graphic file (type png)

<use figures/core-coverage.png>
Package pdftex.def Info: figures/core-coverage.png used on input line 19.
(pdftex.def)             Requested size: 317.18422pt x 118.94408pt.
 [25 <./figures/core-coverage.png>]
Underfull \hbox (badness 10000) in paragraph at lines 51--52

 []


Underfull \hbox (badness 10000) in paragraph at lines 55--56

 []


Underfull \hbox (badness 10000) in paragraph at lines 59--60

 []

[26]
Underfull \hbox (badness 10000) in paragraph at lines 63--64

 []


Underfull \hbox (badness 10000) in paragraph at lines 69--70

 []


Underfull \hbox (badness 10000) in paragraph at lines 75--76

 []


Underfull \hbox (badness 10000) in paragraph at lines 77--79

 []


Underfull \hbox (badness 10000) in paragraph at lines 80--82

 []

[27] <figures/odd-commit.png, id=594, 1260.20813pt x 645.41125pt>
File: figures/odd-commit.png Graphic file (type png)

<use figures/odd-commit.png>
Package pdftex.def Info: figures/odd-commit.png used on input line 86.
(pdftex.def)             Requested size: 315.05125pt x 161.35242pt.
) (./tex/chapter5.tex [28 <./figures/odd-commit.png>]
Chapter 5.
[29

]) [30]
Appendix A.
(./tex/libraries.tex) [31

]
Appendix B.
(./tex/gitcommands.tex) [32

]
Appendix C.
(./tex/gitauth.tex
Overfull \hbox (27.74675pt too wide) in paragraph at lines 17--17
[]\OT1/cmtt/m/n/10 command="./check-authorization.sh <user ID>" <options> <user
's ssh key>[] 
 []

[33

]) (./report.bbl [34]
Underfull \hbox (badness 10000) in paragraph at lines 10--15
[]\OT1/cmr/m/n/10 Department of ed-u-ca-tion.  \OT1/cmr/m/it/10 Com-put-ing pro
-grammes of study\OT1/cmr/m/n/10 .
 []


Underfull \hbox (badness 10000) in paragraph at lines 10--15
[]$\OT1/cmtt/m/n/10 https : / / assets . publishing . service . gov . uk / gove
rnment / uploads /
 []


Underfull \hbox (badness 10000) in paragraph at lines 10--15
\OT1/cmtt/m/n/10 system / uploads / attachment _ data / file / 239033 / PRIMARY
 _ national _
 []


Underfull \hbox (badness 10000) in paragraph at lines 35--40
[]$\OT1/cmtt/m/n/10 https : / / git-[]scm . com / book / en / v2 / Appendix-[]A
 %
 []

Missing character: There is no â in font cmti10!
Missing character: There is no € in font cmti10!
Missing character: There is no ™ in font cmti10!

Overfull \hbox (42.58023pt too wide) in paragraph at lines 60--65
[]$\OT1/cmtt/m/n/10 https : / / www . nngroup . com / articles / usability-[]of
-[]websites-[]for-[]teenagers/$[]\OT1/cmr/m/n/10 .
 []

[35

]
Underfull \hbox (badness 7888) in paragraph at lines 184--188
[]\OT1/cmr/m/n/10 Icongeek26.  \OT1/cmr/m/it/10 Flat Icon\OT1/cmr/m/n/10 .  []$
\OT1/cmtt/m/n/10 https : / / www . flaticon . com / authors /
 []

[36])
Package atveryend Info: Empty hook `BeforeClearDocument' on input line 77.
 [37]
Package atveryend Info: Empty hook `AfterLastShipout' on input line 77.
 (./report.aux)
Package atveryend Info: Executing hook `AtVeryEndDocument' on input line 77.
Package atveryend Info: Executing hook `AtEndAfterFileList' on input line 77.
Package rerunfilecheck Info: File `report.out' has not changed.
(rerunfilecheck)             Checksum: 7DA46EECCCC7E75962331C75D88D0FE9;2788.
Package atveryend Info: Empty hook `AtVeryVeryEnd' on input line 77.
 ) 
Here is how much of TeX's memory you used:
 6142 strings out of 492995
 90411 string characters out of 6132705
 182778 words of memory out of 5000000
 9453 multiletter control sequences out of 15000+600000
 9313 words of font info for 33 fonts, out of 8000000 for 9000
 1141 hyphenation exceptions out of 8191
 28i,8n,35p,919b,426s stack positions out of 5000i,500n,10000p,200000b,80000s
pdfTeX warning (dest): name{Hfootnote.2} has been referenced but does not exi
st, replaced by a fixed one

pdfTeX warning (dest): name{Hfootnote.1} has been referenced but does not exist
, replaced by a fixed one

</usr/local/texlive/2017/texmf-dist/fonts/type1/public/amsfonts/cm/cmbx10.pfb><
/usr/local/texlive/2017/texmf-dist/fonts/type1/public/amsfonts/cm/cmbx12.pfb></
usr/local/texlive/2017/texmf-dist/fonts/type1/public/amsfonts/cm/cmr10.pfb></us
r/local/texlive/2017/texmf-dist/fonts/type1/public/amsfonts/cm/cmr17.pfb></usr/
local/texlive/2017/texmf-dist/fonts/type1/public/amsfonts/cm/cmr6.pfb></usr/loc
al/texlive/2017/texmf-dist/fonts/type1/public/amsfonts/cm/cmr7.pfb></usr/local/
texlive/2017/texmf-dist/fonts/type1/public/amsfonts/cm/cmr8.pfb></usr/local/tex
live/2017/texmf-dist/fonts/type1/public/amsfonts/cm/cmsy10.pfb></usr/local/texl
ive/2017/texmf-dist/fonts/type1/public/amsfonts/cm/cmti10.pfb></usr/local/texli
ve/2017/texmf-dist/fonts/type1/public/amsfonts/cm/cmtt10.pfb>
Output written on report.pdf (40 pages, 3763207 bytes).
PDF statistics:
 765 PDF objects out of 1000 (max. 8388607)
 648 compressed objects within 7 object streams
 151 named destinations out of 1000 (max. 500000)
 440 words of extra memory for PDF output out of 10000 (max. 10000000)

